TN:
SF:E:\teamwork/index.js
FN:15,(anonymous_0)
FNF:1
FNH:1
FNDA:1,(anonymous_0)
DA:1,1
DA:2,1
DA:3,1
DA:4,1
DA:7,1
DA:8,1
DA:10,1
DA:11,1
DA:12,1
DA:14,1
DA:15,1
DA:16,1
DA:19,1
LF:13
LH:13
BRDA:14,0,0,1
BRDA:14,0,1,1
BRF:2
BRH:2
end_of_record
TN:
SF:E:\teamwork\Server\controllers/userController.js
FN:9,(anonymous_0)
FN:18,(anonymous_1)
FNF:2
FNH:2
FNDA:2,(anonymous_0)
FNDA:1,(anonymous_1)
DA:2,1
DA:3,1
DA:4,1
DA:6,1
DA:10,2
DA:11,2
DA:12,2
DA:13,1
DA:18,2
DA:19,1
DA:25,1
LF:11
LH:11
BRDA:12,0,0,1
BRDA:12,0,1,1
BRF:2
BRH:2
end_of_record
TN:
SF:E:\teamwork\Server\middleware/Validation.js
FN:4,(anonymous_0)
FN:8,(anonymous_1)
FNF:2
FNH:2
FNDA:14,(anonymous_0)
FNDA:12,(anonymous_1)
DA:1,1
DA:7,14
DA:8,14
DA:9,14
DA:10,13
DA:11,12
DA:12,11
DA:13,10
DA:14,9
DA:15,8
DA:16,7
DA:19,6
DA:20,5
DA:21,4
DA:22,3
DA:24,2
DA:27,1
LF:17
LH:17
BRDA:9,0,0,1
BRDA:9,0,1,13
BRDA:10,1,0,1
BRDA:10,1,1,12
BRDA:11,2,0,1
BRDA:11,2,1,11
BRDA:12,3,0,1
BRDA:12,3,1,10
BRDA:13,4,0,1
BRDA:13,4,1,9
BRDA:14,5,0,1
BRDA:14,5,1,8
BRDA:15,6,0,1
BRDA:15,6,1,7
BRDA:16,7,0,1
BRDA:16,7,1,6
BRDA:19,8,0,1
BRDA:19,8,1,5
BRDA:20,9,0,1
BRDA:20,9,1,4
BRDA:21,10,0,1
BRDA:21,10,1,3
BRDA:22,11,0,1
BRDA:22,11,1,2
BRF:24
BRH:24
end_of_record
TN:
SF:E:\teamwork\Server\middleware/validateInputs.js
FN:11,(anonymous_0)
FN:17,(anonymous_1)
FN:23,(anonymous_2)
FNF:3
FNH:3
FNDA:6,(anonymous_0)
FNDA:84,(anonymous_1)
FNDA:12,(anonymous_2)
DA:13,6
DA:14,6
DA:18,84
DA:19,84
DA:20,84
DA:24,12
DA:25,12
DA:26,12
DA:29,1
LF:9
LH:9
BRF:0
BRH:0
end_of_record
TN:
SF:E:\teamwork\Server\models/dB.js
FNF:0
FNH:0
DA:1,1
LF:1
LH:1
BRF:0
BRH:0
end_of_record
TN:
SF:E:\teamwork\Server\models/userModel.js
FN:2,(anonymous_0)
FNF:1
FNH:1
FNDA:1,(anonymous_0)
DA:3,1
DA:4,1
DA:5,1
DA:6,1
DA:7,1
DA:8,1
DA:9,1
DA:10,1
DA:11,1
DA:14,1
LF:10
LH:10
BRF:0
BRH:0
end_of_record
TN:
SF:E:\teamwork\Server\routes/userRoute.js
FNF:0
FNH:0
DA:1,1
DA:2,1
DA:3,1
DA:5,1
DA:7,1
DA:10,1
LF:6
LH:6
BRF:0
BRH:0
end_of_record
TN:
SF:E:\teamwork\Server\services/userService.js
FN:5,(anonymous_0)
FN:6,(anonymous_1)
FNF:2
FNH:2
FNDA:2,(anonymous_0)
FNDA:4,(anonymous_1)
DA:1,1
DA:2,1
DA:6,4
DA:7,1
DA:9,1
DA:10,1
DA:11,1
DA:12,1
DA:13,1
DA:14,1
DA:15,1
DA:16,1
DA:18,1
DA:29,1
DA:31,1
DA:41,1
DA:44,1
LF:17
LH:17
BRDA:6,0,0,1
BRDA:6,0,1,1
BRF:2
BRH:2
end_of_record
TN:
SF:E:\teamwork\Server\test/userTest.js
FN:7,(anonymous_0)
FN:8,(anonymous_1)
FN:20,(anonymous_2)
FN:29,(anonymous_3)
FN:41,(anonymous_4)
FN:47,(anonymous_5)
FN:59,(anonymous_6)
FN:65,(anonymous_7)
FN:79,(anonymous_8)
FN:85,(anonymous_9)
FN:99,(anonymous_10)
FN:105,(anonymous_11)
FN:119,(anonymous_12)
FN:125,(anonymous_13)
FN:139,(anonymous_14)
FN:145,(anonymous_15)
FN:159,(anonymous_16)
FN:165,(anonymous_17)
FN:179,(anonymous_18)
FN:185,(anonymous_19)
FN:199,(anonymous_20)
FN:205,(anonymous_21)
FN:219,(anonymous_22)
FN:225,(anonymous_23)
FN:239,(anonymous_24)
FN:245,(anonymous_25)
FN:259,(anonymous_26)
FN:265,(anonymous_27)
FN:279,(anonymous_28)
FNF:29
FNH:29
FNDA:1,(anonymous_0)
FNDA:1,(anonymous_1)
FNDA:1,(anonymous_2)
FNDA:1,(anonymous_3)
FNDA:1,(anonymous_4)
FNDA:1,(anonymous_5)
FNDA:1,(anonymous_6)
FNDA:1,(anonymous_7)
FNDA:1,(anonymous_8)
FNDA:1,(anonymous_9)
FNDA:1,(anonymous_10)
FNDA:1,(anonymous_11)
FNDA:1,(anonymous_12)
FNDA:1,(anonymous_13)
FNDA:1,(anonymous_14)
FNDA:1,(anonymous_15)
FNDA:1,(anonymous_16)
FNDA:1,(anonymous_17)
FNDA:1,(anonymous_18)
FNDA:1,(anonymous_19)
FNDA:1,(anonymous_20)
FNDA:1,(anonymous_21)
FNDA:1,(anonymous_22)
FNDA:1,(anonymous_23)
FNDA:1,(anonymous_24)
FNDA:1,(anonymous_25)
FNDA:1,(anonymous_26)
FNDA:1,(anonymous_27)
FNDA:1,(anonymous_28)
DA:1,1
DA:2,1
DA:3,1
DA:5,1
DA:7,1
DA:8,1
DA:9,1
DA:21,1
DA:23,1
DA:24,1
DA:25,1
DA:26,1
DA:29,1
DA:30,1
DA:42,1
DA:43,1
DA:44,1
DA:47,1
DA:48,1
DA:60,1
DA:61,1
DA:62,1
DA:65,1
DA:66,1
DA:80,1
DA:81,1
DA:82,1
DA:85,1
DA:86,1
DA:100,1
DA:101,1
DA:102,1
DA:105,1
DA:106,1
DA:120,1
DA:121,1
DA:122,1
DA:125,1
DA:126,1
DA:140,1
DA:141,1
DA:142,1
DA:145,1
DA:146,1
DA:160,1
DA:161,1
DA:162,1
DA:165,1
DA:166,1
DA:180,1
DA:181,1
DA:182,1
DA:185,1
DA:186,1
DA:200,1
DA:201,1
DA:202,1
DA:205,1
DA:206,1
DA:220,1
DA:221,1
DA:222,1
DA:225,1
DA:226,1
DA:240,1
DA:241,1
DA:242,1
DA:245,1
DA:246,1
DA:260,1
DA:261,1
DA:262,1
DA:265,1
DA:266,1
DA:280,1
DA:281,1
DA:282,1
LF:77
LH:77
BRF:0
BRH:0
end_of_record
