TN:
SF:E:\teamwork/index.js
FN:15,(anonymous_0)
FNF:1
FNH:1
FNDA:1,(anonymous_0)
DA:1,1
DA:2,1
DA:3,1
DA:4,1
DA:7,1
DA:8,1
DA:10,1
DA:11,1
DA:12,1
DA:14,1
DA:15,1
DA:16,1
DA:19,1
LF:13
LH:13
BRDA:14,0,0,1
BRDA:14,0,1,1
BRF:2
BRH:2
end_of_record
TN:
SF:E:\teamwork\Server\controllers/userController.js
FN:9,(anonymous_0)
FN:18,(anonymous_1)
FN:25,(anonymous_2)
FN:34,(anonymous_3)
FNF:4
FNH:4
FNDA:2,(anonymous_0)
FNDA:1,(anonymous_1)
FNDA:2,(anonymous_2)
FNDA:1,(anonymous_3)
DA:2,1
DA:3,1
DA:4,1
DA:6,1
DA:10,2
DA:11,2
DA:12,2
DA:13,1
DA:18,2
DA:19,1
DA:26,2
DA:27,2
DA:28,2
DA:29,1
DA:34,2
DA:35,1
DA:42,1
LF:17
LH:17
BRDA:12,0,0,1
BRDA:12,0,1,1
BRDA:28,1,0,1
BRDA:28,1,1,1
BRF:4
BRH:4
end_of_record
TN:
SF:E:\teamwork\Server\middleware/Validation.js
FN:4,(anonymous_0)
FN:8,(anonymous_1)
FN:27,(anonymous_2)
FN:29,(anonymous_3)
FNF:4
FNH:3
FNDA:14,(anonymous_0)
FNDA:12,(anonymous_1)
FNDA:2,(anonymous_2)
FNDA:0,(anonymous_3)
DA:1,1
DA:7,14
DA:8,14
DA:9,14
DA:10,13
DA:11,12
DA:12,11
DA:13,10
DA:14,9
DA:15,8
DA:16,7
DA:19,6
DA:20,5
DA:21,4
DA:22,3
DA:24,2
DA:28,2
DA:29,2
DA:30,2
DA:31,2
DA:32,2
DA:34,2
DA:37,1
LF:23
LH:23
BRDA:9,0,0,1
BRDA:9,0,1,13
BRDA:10,1,0,1
BRDA:10,1,1,12
BRDA:11,2,0,1
BRDA:11,2,1,11
BRDA:12,3,0,1
BRDA:12,3,1,10
BRDA:13,4,0,1
BRDA:13,4,1,9
BRDA:14,5,0,1
BRDA:14,5,1,8
BRDA:15,6,0,1
BRDA:15,6,1,7
BRDA:16,7,0,1
BRDA:16,7,1,6
BRDA:19,8,0,1
BRDA:19,8,1,5
BRDA:20,9,0,1
BRDA:20,9,1,4
BRDA:21,10,0,1
BRDA:21,10,1,3
BRDA:22,11,0,1
BRDA:22,11,1,2
BRDA:30,12,0,0
BRDA:30,12,1,2
BRDA:31,13,0,0
BRDA:31,13,1,2
BRDA:32,14,0,0
BRDA:32,14,1,2
BRF:30
BRH:27
end_of_record
TN:
SF:E:\teamwork\Server\middleware/validateInputs.js
FN:11,(anonymous_0)
FN:17,(anonymous_1)
FN:23,(anonymous_2)
FNF:3
FNH:3
FNDA:8,(anonymous_0)
FNDA:88,(anonymous_1)
FNDA:12,(anonymous_2)
DA:13,8
DA:14,8
DA:18,88
DA:19,88
DA:20,88
DA:24,12
DA:25,12
DA:26,12
DA:29,1
LF:9
LH:9
BRF:0
BRH:0
end_of_record
TN:
SF:E:\teamwork\Server\models/dB.js
FNF:0
FNH:0
DA:1,1
LF:1
LH:1
BRF:0
BRH:0
end_of_record
TN:
SF:E:\teamwork\Server\models/userModel.js
FN:2,(anonymous_0)
FNF:1
FNH:1
FNDA:1,(anonymous_0)
DA:3,1
DA:4,1
DA:5,1
DA:6,1
DA:7,1
DA:8,1
DA:9,1
DA:10,1
DA:11,1
DA:14,1
LF:10
LH:10
BRF:0
BRH:0
end_of_record
TN:
SF:E:\teamwork\Server\routes/userRoute.js
FNF:0
FNH:0
DA:1,1
DA:2,1
DA:3,1
DA:5,1
DA:7,1
DA:11,1
LF:6
LH:6
BRF:0
BRH:0
end_of_record
TN:
SF:E:\teamwork\Server\services/userService.js
FN:5,(anonymous_0)
FN:6,(anonymous_1)
FN:44,(anonymous_2)
FN:46,(anonymous_3)
FNF:4
FNH:4
FNDA:2,(anonymous_0)
FNDA:4,(anonymous_1)
FNDA:2,(anonymous_2)
FNDA:6,(anonymous_3)
DA:1,1
DA:2,1
DA:6,4
DA:7,1
DA:9,1
DA:10,1
DA:11,1
DA:12,1
DA:13,1
DA:14,1
DA:15,1
DA:16,1
DA:18,1
DA:29,1
DA:31,1
DA:41,1
DA:45,2
DA:46,6
DA:47,2
DA:48,1
DA:54,1
DA:57,1
LF:22
LH:22
BRDA:6,0,0,1
BRDA:6,0,1,1
BRDA:46,1,0,6
BRDA:46,1,1,1
BRDA:47,2,0,1
BRDA:47,2,1,1
BRF:6
BRH:6
end_of_record
TN:
SF:E:\teamwork\Server\test/userTest.js
FN:8,(anonymous_0)
FN:9,(anonymous_1)
FN:21,(anonymous_2)
FN:28,(anonymous_3)
FN:40,(anonymous_4)
FN:46,(anonymous_5)
FN:58,(anonymous_6)
FN:64,(anonymous_7)
FN:78,(anonymous_8)
FN:84,(anonymous_9)
FN:98,(anonymous_10)
FN:104,(anonymous_11)
FN:118,(anonymous_12)
FN:124,(anonymous_13)
FN:138,(anonymous_14)
FN:144,(anonymous_15)
FN:158,(anonymous_16)
FN:164,(anonymous_17)
FN:178,(anonymous_18)
FN:184,(anonymous_19)
FN:198,(anonymous_20)
FN:204,(anonymous_21)
FN:218,(anonymous_22)
FN:224,(anonymous_23)
FN:238,(anonymous_24)
FN:244,(anonymous_25)
FN:258,(anonymous_26)
FN:264,(anonymous_27)
FN:278,(anonymous_28)
FN:285,(anonymous_29)
FN:286,(anonymous_30)
FN:292,(anonymous_31)
FN:299,(anonymous_32)
FN:305,(anonymous_33)
FNF:34
FNH:34
FNDA:1,(anonymous_0)
FNDA:1,(anonymous_1)
FNDA:1,(anonymous_2)
FNDA:1,(anonymous_3)
FNDA:1,(anonymous_4)
FNDA:1,(anonymous_5)
FNDA:1,(anonymous_6)
FNDA:1,(anonymous_7)
FNDA:1,(anonymous_8)
FNDA:1,(anonymous_9)
FNDA:1,(anonymous_10)
FNDA:1,(anonymous_11)
FNDA:1,(anonymous_12)
FNDA:1,(anonymous_13)
FNDA:1,(anonymous_14)
FNDA:1,(anonymous_15)
FNDA:1,(anonymous_16)
FNDA:1,(anonymous_17)
FNDA:1,(anonymous_18)
FNDA:1,(anonymous_19)
FNDA:1,(anonymous_20)
FNDA:1,(anonymous_21)
FNDA:1,(anonymous_22)
FNDA:1,(anonymous_23)
FNDA:1,(anonymous_24)
FNDA:1,(anonymous_25)
FNDA:1,(anonymous_26)
FNDA:1,(anonymous_27)
FNDA:1,(anonymous_28)
FNDA:1,(anonymous_29)
FNDA:1,(anonymous_30)
FNDA:1,(anonymous_31)
FNDA:1,(anonymous_32)
FNDA:1,(anonymous_33)
DA:1,1
DA:2,1
DA:3,1
DA:4,1
DA:6,1
DA:8,1
DA:9,1
DA:10,1
DA:22,1
DA:23,1
DA:24,1
DA:25,1
DA:28,1
DA:29,1
DA:41,1
DA:42,1
DA:43,1
DA:46,1
DA:47,1
DA:59,1
DA:60,1
DA:61,1
DA:64,1
DA:65,1
DA:79,1
DA:80,1
DA:81,1
DA:84,1
DA:85,1
DA:99,1
DA:100,1
DA:101,1
DA:104,1
DA:105,1
DA:119,1
DA:120,1
DA:121,1
DA:124,1
DA:125,1
DA:139,1
DA:140,1
DA:141,1
DA:144,1
DA:145,1
DA:159,1
DA:160,1
DA:161,1
DA:164,1
DA:165,1
DA:179,1
DA:180,1
DA:181,1
DA:184,1
DA:185,1
DA:199,1
DA:200,1
DA:201,1
DA:204,1
DA:205,1
DA:219,1
DA:220,1
DA:221,1
DA:224,1
DA:225,1
DA:239,1
DA:240,1
DA:241,1
DA:244,1
DA:245,1
DA:259,1
DA:260,1
DA:261,1
DA:264,1
DA:265,1
DA:279,1
DA:280,1
DA:281,1
DA:285,1
DA:286,1
DA:287,1
DA:293,1
DA:294,1
DA:295,1
DA:299,1
DA:300,1
DA:306,1
DA:307,1
DA:308,1
LF:88
LH:88
BRF:0
BRH:0
end_of_record
